system   D            wsystem.c:583  maybe_parent_dir                 [   0.02329] Also searching C:\Users\Nancy\Documents\GitHub\platformer_1\
system   D            wsystem.c:633  _al_win_safe_load_library        [   0.02472] PathFindOnPath found: C:\Windows\system32\d3d9.dll
system   D            wsystem.c:544  load_library_at_path             [   0.02483] Calling LoadLibrary C:\Windows\system32\d3d9.dll
system   I            wsystem.c:547  load_library_at_path             [   0.08493] Loaded C:\Windows\system32\d3d9.dll
d3d      I         d3d_disp.cpp:695  _al_d3d_init_display             [   0.23018] Render-to-texture: 1
system   I             system.c:272  al_install_system                [   0.23030] Allegro version: 5.0.8
display  W   display_settings.c:654  _al_deduce_color_format          [   0.23063] Could not deduce color format, sizes = (0,0,0,0,0), shifts = (0,0,0,0)
display  W   display_settings.c:654  _al_deduce_color_format          [   0.23141] Could not deduce color format, sizes = (0,0,0,0,0), shifts = (0,0,0,0)
d3d      I         d3d_disp.cpp:1732 d3d_create_display_locked        [   0.23421] faux_fullscreen=0
d3d      D         d3d_disp.cpp:1733 d3d_create_display_locked        [   0.23428] al_display=009153C0
d3d      D         d3d_disp.cpp:1734 d3d_create_display_locked        [   0.23432] al_display->vt=009152F8
d3d      I d3d_display_formats.cpp:144  _al_d3d_generate_display_format_list [   0.24235] found 96 format combinations
display  D   display_settings.c:191  debug_display_settings           [   0.24245] color: 32 (rgba 8880), depth: 0, stencil: 0, acc: 0000, samples: 0/0
display  D   display_settings.c:506  _al_score_display_settings       [   0.24249] Score is : 897
display  D   display_settings.c:191  debug_display_settings           [   0.24252] color: 32 (rgba 8880), depth: 0, stencil: 0, acc: 0000, samples: 0/0
display  D   display_settings.c:506  _al_score_display_settings       [   0.24255] Score is : 897
display  D   display_settings.c:191  debug_display_settings           [   0.24259] color: 32 (rgba 8880), depth: 0, stencil: 0, acc: 0000, samples: 2/1
display  D   display_settings.c:506  _al_score_display_settings       [   0.24262] Score is : 726
display  D   display_settings.c:191  debug_display_settings           [   0.24265] color: 32 (rgba 8880), depth: 24, stencil: 8, acc: 0000, samples: 0/0
display  D   display_settings.c:506  _al_score_display_settings       [   0.24269] Score is : 897
display  D   display_settings.c:191  debug_display_settings           [   0.24272] color: 32 (rgba 8880), depth: 24, stencil: 8, acc: 0000, samples: 0/0
display  D   display_settings.c:506  _al_score_display_settings       [   0.24275] Score is : 897
display  D   display_settings.c:191  debug_display_settings           [   0.24278] color: 32 (rgba 8880), depth: 24, stencil: 8, acc: 0000, samples: 2/1
display  D   display_settings.c:506  _al_score_display_settings       [   0.24282] Score is : 726
display  D   display_settings.c:191  debug_display_settings           [   0.24285] color: 32 (rgba 8880), depth: 24, stencil: 0, acc: 0000, samples: 0/0
display  D   display_settings.c:506  _al_score_display_settings       [   0.24288] Score is : 897
display  D   display_settings.c:191  debug_display_settings           [   0.24291] color: 32 (rgba 8880), depth: 24, stencil: 0, acc: 0000, samples: 0/0
display  D   display_settings.c:506  _al_score_display_settings       [   0.24295] Score is : 897
display  D   display_settings.c:191  debug_display_settings           [   0.24298] color: 32 (rgba 8880), depth: 24, stencil: 0, acc: 0000, samples: 2/1
display  D   display_settings.c:506  _al_score_display_settings       [   0.24301] Score is : 726
display  D   display_settings.c:191  debug_display_settings           [   0.24304] color: 32 (rgba 8880), depth: 16, stencil: 0, acc: 0000, samples: 0/0
display  D   display_settings.c:506  _al_score_display_settings       [   0.24308] Score is : 897
display  D   display_settings.c:191  debug_display_settings           [   0.24311] color: 32 (rgba 8880), depth: 16, stencil: 0, acc: 0000, samples: 0/0
display  D   display_settings.c:506  _al_score_display_settings       [   0.24323] Score is : 897
display  D   display_settings.c:191  debug_display_settings           [   0.24327] color: 32 (rgba 8880), depth: 16, stencil: 0, acc: 0000, samples: 2/1
display  D   display_settings.c:506  _al_score_display_settings       [   0.24330] Score is : 726
display  D   display_settings.c:191  debug_display_settings           [   0.24333] color: 16 (rgba 5650), depth: 0, stencil: 0, acc: 0000, samples: 0/0
display  D   display_settings.c:506  _al_score_display_settings       [   0.24337] Score is : 897
display  D   display_settings.c:191  debug_display_settings           [   0.24340] color: 16 (rgba 5650), depth: 0, stencil: 0, acc: 0000, samples: 0/0
display  D   display_settings.c:506  _al_score_display_settings       [   0.24343] Score is : 897
display  D   display_settings.c:191  debug_display_settings           [   0.24346] color: 16 (rgba 5650), depth: 0, stencil: 0, acc: 0000, samples: 2/1
display  D   display_settings.c:506  _al_score_display_settings       [   0.24350] Score is : 726
display  D   display_settings.c:191  debug_display_settings           [   0.24353] color: 16 (rgba 5650), depth: 24, stencil: 8, acc: 0000, samples: 0/0
display  D   display_settings.c:506  _al_score_display_settings       [   0.24356] Score is : 897
display  D   display_settings.c:191  debug_display_settings           [   0.24359] color: 16 (rgba 5650), depth: 24, stencil: 8, acc: 0000, samples: 0/0
display  D   display_settings.c:506  _al_score_display_settings       [   0.24363] Score is : 897
display  D   display_settings.c:191  debug_display_settings           [   0.24366] color: 16 (rgba 5650), depth: 24, stencil: 8, acc: 0000, samples: 2/1
display  D   display_settings.c:506  _al_score_display_settings       [   0.24370] Score is : 726
display  D   display_settings.c:191  debug_display_settings           [   0.24373] color: 16 (rgba 5650), depth: 24, stencil: 0, acc: 0000, samples: 0/0
display  D   display_settings.c:506  _al_score_display_settings       [   0.24376] Score is : 897
display  D   display_settings.c:191  debug_display_settings           [   0.24379] color: 16 (rgba 5650), depth: 24, stencil: 0, acc: 0000, samples: 0/0
display  D   display_settings.c:506  _al_score_display_settings       [   0.24383] Score is : 897
display  D   display_settings.c:191  debug_display_settings           [   0.24386] color: 16 (rgba 5650), depth: 24, stencil: 0, acc: 0000, samples: 2/1
display  D   display_settings.c:506  _al_score_display_settings       [   0.24389] Score is : 726
display  D   display_settings.c:191  debug_display_settings           [   0.24392] color: 16 (rgba 5650), depth: 16, stencil: 0, acc: 0000, samples: 0/0
display  D   display_settings.c:506  _al_score_display_settings       [   0.24396] Score is : 897
display  D   display_settings.c:191  debug_display_settings           [   0.24399] color: 16 (rgba 5650), depth: 16, stencil: 0, acc: 0000, samples: 0/0
display  D   display_settings.c:506  _al_score_display_settings       [   0.24402] Score is : 897
display  D   display_settings.c:191  debug_display_settings           [   0.24405] color: 16 (rgba 5650), depth: 16, stencil: 0, acc: 0000, samples: 2/1
display  D   display_settings.c:506  _al_score_display_settings       [   0.24409] Score is : 726
display  D   display_settings.c:191  debug_display_settings           [   0.24412] color: 32 (rgba 8880), depth: 0, stencil: 0, acc: 0000, samples: 0/0
display  D   display_settings.c:377  _al_score_display_settings       [   0.24415] Single Buffer requirement not met.
display  D   display_settings.c:191  debug_display_settings           [   0.24418] color: 32 (rgba 8880), depth: 0, stencil: 0, acc: 0000, samples: 0/0
display  D   display_settings.c:377  _al_score_display_settings       [   0.24422] Single Buffer requirement not met.
display  D   display_settings.c:191  debug_display_settings           [   0.24425] color: 32 (rgba 8880), depth: 0, stencil: 0, acc: 0000, samples: 2/1
display  D   display_settings.c:377  _al_score_display_settings       [   0.24429] Single Buffer requirement not met.
display  D   display_settings.c:191  debug_display_settings           [   0.24432] color: 32 (rgba 8880), depth: 24, stencil: 8, acc: 0000, samples: 0/0
display  D   display_settings.c:377  _al_score_display_settings       [   0.24436] Single Buffer requirement not met.
display  D   display_settings.c:191  debug_display_settings           [   0.24439] color: 32 (rgba 8880), depth: 24, stencil: 8, acc: 0000, samples: 0/0
display  D   display_settings.c:377  _al_score_display_settings       [   0.24443] Single Buffer requirement not met.
display  D   display_settings.c:191  debug_display_settings           [   0.24446] color: 32 (rgba 8880), depth: 24, stencil: 8, acc: 0000, samples: 2/1
display  D   display_settings.c:377  _al_score_display_settings       [   0.24449] Single Buffer requirement not met.
display  D   display_settings.c:191  debug_display_settings           [   0.24452] color: 32 (rgba 8880), depth: 24, stencil: 0, acc: 0000, samples: 0/0
display  D   display_settings.c:377  _al_score_display_settings       [   0.24456] Single Buffer requirement not met.
display  D   display_settings.c:191  debug_display_settings           [   0.24459] color: 32 (rgba 8880), depth: 24, stencil: 0, acc: 0000, samples: 0/0
display  D   display_settings.c:377  _al_score_display_settings       [   0.24462] Single Buffer requirement not met.
display  D   display_settings.c:191  debug_display_settings           [   0.24465] color: 32 (rgba 8880), depth: 24, stencil: 0, acc: 0000, samples: 2/1
display  D   display_settings.c:377  _al_score_display_settings       [   0.24469] Single Buffer requirement not met.
display  D   display_settings.c:191  debug_display_settings           [   0.24472] color: 32 (rgba 8880), depth: 16, stencil: 0, acc: 0000, samples: 0/0
display  D   display_settings.c:377  _al_score_display_settings       [   0.24476] Single Buffer requirement not met.
display  D   display_settings.c:191  debug_display_settings           [   0.24479] color: 32 (rgba 8880), depth: 16, stencil: 0, acc: 0000, samples: 0/0
display  D   display_settings.c:377  _al_score_display_settings       [   0.24482] Single Buffer requirement not met.
display  D   display_settings.c:191  debug_display_settings           [   0.24485] color: 32 (rgba 8880), depth: 16, stencil: 0, acc: 0000, samples: 2/1
display  D   display_settings.c:377  _al_score_display_settings       [   0.24489] Single Buffer requirement not met.
display  D   display_settings.c:191  debug_display_settings           [   0.24492] color: 16 (rgba 5650), depth: 0, stencil: 0, acc: 0000, samples: 0/0
display  D   display_settings.c:377  _al_score_display_settings       [   0.24495] Single Buffer requirement not met.
display  D   display_settings.c:191  debug_display_settings           [   0.24499] color: 16 (rgba 5650), depth: 0, stencil: 0, acc: 0000, samples: 0/0
display  D   display_settings.c:377  _al_score_display_settings       [   0.24502] Single Buffer requirement not met.
display  D   display_settings.c:191  debug_display_settings           [   0.24505] color: 16 (rgba 5650), depth: 0, stencil: 0, acc: 0000, samples: 2/1
display  D   display_settings.c:377  _al_score_display_settings       [   0.24509] Single Buffer requirement not met.
display  D   display_settings.c:191  debug_display_settings           [   0.24512] color: 16 (rgba 5650), depth: 24, stencil: 8, acc: 0000, samples: 0/0
display  D   display_settings.c:377  _al_score_display_settings       [   0.24515] Single Buffer requirement not met.
display  D   display_settings.c:191  debug_display_settings           [   0.24518] color: 16 (rgba 5650), depth: 24, stencil: 8, acc: 0000, samples: 0/0
display  D   display_settings.c:377  _al_score_display_settings       [   0.24522] Single Buffer requirement not met.
display  D   display_settings.c:191  debug_display_settings           [   0.24525] color: 16 (rgba 5650), depth: 24, stencil: 8, acc: 0000, samples: 2/1
display  D   display_settings.c:377  _al_score_display_settings       [   0.24529] Single Buffer requirement not met.
display  D   display_settings.c:191  debug_display_settings           [   0.24532] color: 16 (rgba 5650), depth: 24, stencil: 0, acc: 0000, samples: 0/0
display  D   display_settings.c:377  _al_score_display_settings       [   0.24536] Single Buffer requirement not met.
display  D   display_settings.c:191  debug_display_settings           [   0.24539] color: 16 (rgba 5650), depth: 24, stencil: 0, acc: 0000, samples: 0/0
display  D   display_settings.c:377  _al_score_display_settings       [   0.24543] Single Buffer requirement not met.
display  D   display_settings.c:191  debug_display_settings           [   0.24546] color: 16 (rgba 5650), depth: 24, stencil: 0, acc: 0000, samples: 2/1
display  D   display_settings.c:377  _al_score_display_settings       [   0.24549] Single Buffer requirement not met.
display  D   display_settings.c:191  debug_display_settings           [   0.24552] color: 16 (rgba 5650), depth: 16, stencil: 0, acc: 0000, samples: 0/0
display  D   display_settings.c:377  _al_score_display_settings       [   0.24556] Single Buffer requirement not met.
display  D   display_settings.c:191  debug_display_settings           [   0.24559] color: 16 (rgba 5650), depth: 16, stencil: 0, acc: 0000, samples: 0/0
display  D   display_settings.c:377  _al_score_display_settings       [   0.24562] Single Buffer requirement not met.
display  D   display_settings.c:191  debug_display_settings           [   0.24565] color: 16 (rgba 5650), depth: 16, stencil: 0, acc: 0000, samples: 2/1
display  D   display_settings.c:377  _al_score_display_settings       [   0.24569] Single Buffer requirement not met.
display  D   display_settings.c:191  debug_display_settings           [   0.24572] color: 32 (rgba 8880), depth: 0, stencil: 0, acc: 0000, samples: 0/0
display  D   display_settings.c:506  _al_score_display_settings       [   0.24576] Score is : 769
display  D   display_settings.c:191  debug_display_settings           [   0.24579] color: 32 (rgba 8880), depth: 0, stencil: 0, acc: 0000, samples: 0/0
display  D   display_settings.c:506  _al_score_display_settings       [   0.24582] Score is : 769
display  D   display_settings.c:191  debug_display_settings           [   0.24585] color: 32 (rgba 8880), depth: 0, stencil: 0, acc: 0000, samples: 2/1
display  D   display_settings.c:506  _al_score_display_settings       [   0.24589] Score is : 598
display  D   display_settings.c:191  debug_display_settings           [   0.24592] color: 32 (rgba 8880), depth: 24, stencil: 8, acc: 0000, samples: 0/0
display  D   display_settings.c:506  _al_score_display_settings       [   0.24595] Score is : 769
display  D   display_settings.c:191  debug_display_settings           [   0.24598] color: 32 (rgba 8880), depth: 24, stencil: 8, acc: 0000, samples: 0/0
display  D   display_settings.c:506  _al_score_display_settings       [   0.24602] Score is : 769
display  D   display_settings.c:191  debug_display_settings           [   0.24605] color: 32 (rgba 8880), depth: 24, stencil: 8, acc: 0000, samples: 2/1
display  D   display_settings.c:506  _al_score_display_settings       [   0.24608] Score is : 598
display  D   display_settings.c:191  debug_display_settings           [   0.24612] color: 32 (rgba 8880), depth: 24, stencil: 0, acc: 0000, samples: 0/0
display  D   display_settings.c:506  _al_score_display_settings       [   0.24615] Score is : 769
display  D   display_settings.c:191  debug_display_settings           [   0.24618] color: 32 (rgba 8880), depth: 24, stencil: 0, acc: 0000, samples: 0/0
display  D   display_settings.c:506  _al_score_display_settings       [   0.24622] Score is : 769
display  D   display_settings.c:191  debug_display_settings           [   0.24625] color: 32 (rgba 8880), depth: 24, stencil: 0, acc: 0000, samples: 2/1
display  D   display_settings.c:506  _al_score_display_settings       [   0.24628] Score is : 598
display  D   display_settings.c:191  debug_display_settings           [   0.24631] color: 32 (rgba 8880), depth: 16, stencil: 0, acc: 0000, samples: 0/0
display  D   display_settings.c:506  _al_score_display_settings       [   0.24641] Score is : 769
display  D   display_settings.c:191  debug_display_settings           [   0.24645] color: 32 (rgba 8880), depth: 16, stencil: 0, acc: 0000, samples: 0/0
display  D   display_settings.c:506  _al_score_display_settings       [   0.24649] Score is : 769
display  D   display_settings.c:191  debug_display_settings           [   0.24652] color: 32 (rgba 8880), depth: 16, stencil: 0, acc: 0000, samples: 2/1
display  D   display_settings.c:506  _al_score_display_settings       [   0.24655] Score is : 598
display  D   display_settings.c:191  debug_display_settings           [   0.24658] color: 16 (rgba 5650), depth: 0, stencil: 0, acc: 0000, samples: 0/0
display  D   display_settings.c:506  _al_score_display_settings       [   0.24662] Score is : 769
display  D   display_settings.c:191  debug_display_settings           [   0.24665] color: 16 (rgba 5650), depth: 0, stencil: 0, acc: 0000, samples: 0/0
display  D   display_settings.c:506  _al_score_display_settings       [   0.24668] Score is : 769
display  D   display_settings.c:191  debug_display_settings           [   0.24671] color: 16 (rgba 5650), depth: 0, stencil: 0, acc: 0000, samples: 2/1
display  D   display_settings.c:506  _al_score_display_settings       [   0.24675] Score is : 598
display  D   display_settings.c:191  debug_display_settings           [   0.24678] color: 16 (rgba 5650), depth: 24, stencil: 8, acc: 0000, samples: 0/0
display  D   display_settings.c:506  _al_score_display_settings       [   0.24681] Score is : 769
display  D   display_settings.c:191  debug_display_settings           [   0.24684] color: 16 (rgba 5650), depth: 24, stencil: 8, acc: 0000, samples: 0/0
display  D   display_settings.c:506  _al_score_display_settings       [   0.24688] Score is : 769
display  D   display_settings.c:191  debug_display_settings           [   0.24691] color: 16 (rgba 5650), depth: 24, stencil: 8, acc: 0000, samples: 2/1
display  D   display_settings.c:506  _al_score_display_settings       [   0.24694] Score is : 598
display  D   display_settings.c:191  debug_display_settings           [   0.24697] color: 16 (rgba 5650), depth: 24, stencil: 0, acc: 0000, samples: 0/0
display  D   display_settings.c:506  _al_score_display_settings       [   0.24701] Score is : 769
display  D   display_settings.c:191  debug_display_settings           [   0.24704] color: 16 (rgba 5650), depth: 24, stencil: 0, acc: 0000, samples: 0/0
display  D   display_settings.c:506  _al_score_display_settings       [   0.24707] Score is : 769
display  D   display_settings.c:191  debug_display_settings           [   0.24711] color: 16 (rgba 5650), depth: 24, stencil: 0, acc: 0000, samples: 2/1
display  D   display_settings.c:506  _al_score_display_settings       [   0.24714] Score is : 598
display  D   display_settings.c:191  debug_display_settings           [   0.24717] color: 16 (rgba 5650), depth: 16, stencil: 0, acc: 0000, samples: 0/0
display  D   display_settings.c:506  _al_score_display_settings       [   0.24721] Score is : 769
display  D   display_settings.c:191  debug_display_settings           [   0.24724] color: 16 (rgba 5650), depth: 16, stencil: 0, acc: 0000, samples: 0/0
display  D   display_settings.c:506  _al_score_display_settings       [   0.24727] Score is : 769
display  D   display_settings.c:191  debug_display_settings           [   0.24730] color: 16 (rgba 5650), depth: 16, stencil: 0, acc: 0000, samples: 2/1
display  D   display_settings.c:506  _al_score_display_settings       [   0.24734] Score is : 598
display  D   display_settings.c:191  debug_display_settings           [   0.24737] color: 32 (rgba 8880), depth: 0, stencil: 0, acc: 0000, samples: 0/0
display  D   display_settings.c:377  _al_score_display_settings       [   0.24740] Single Buffer requirement not met.
display  D   display_settings.c:191  debug_display_settings           [   0.24744] color: 32 (rgba 8880), depth: 0, stencil: 0, acc: 0000, samples: 0/0
display  D   display_settings.c:377  _al_score_display_settings       [   0.24748] Single Buffer requirement not met.
display  D   display_settings.c:191  debug_display_settings           [   0.24751] color: 32 (rgba 8880), depth: 0, stencil: 0, acc: 0000, samples: 2/1
display  D   display_settings.c:377  _al_score_display_settings       [   0.24755] Single Buffer requirement not met.
display  D   display_settings.c:191  debug_display_settings           [   0.24758] color: 32 (rgba 8880), depth: 24, stencil: 8, acc: 0000, samples: 0/0
display  D   display_settings.c:377  _al_score_display_settings       [   0.24762] Single Buffer requirement not met.
display  D   display_settings.c:191  debug_display_settings           [   0.24765] color: 32 (rgba 8880), depth: 24, stencil: 8, acc: 0000, samples: 0/0
display  D   display_settings.c:377  _al_score_display_settings       [   0.24768] Single Buffer requirement not met.
display  D   display_settings.c:191  debug_display_settings           [   0.24771] color: 32 (rgba 8880), depth: 24, stencil: 8, acc: 0000, samples: 2/1
display  D   display_settings.c:377  _al_score_display_settings       [   0.24775] Single Buffer requirement not met.
display  D   display_settings.c:191  debug_display_settings           [   0.24778] color: 32 (rgba 8880), depth: 24, stencil: 0, acc: 0000, samples: 0/0
display  D   display_settings.c:377  _al_score_display_settings       [   0.24781] Single Buffer requirement not met.
display  D   display_settings.c:191  debug_display_settings           [   0.24785] color: 32 (rgba 8880), depth: 24, stencil: 0, acc: 0000, samples: 0/0
display  D   display_settings.c:377  _al_score_display_settings       [   0.24788] Single Buffer requirement not met.
display  D   display_settings.c:191  debug_display_settings           [   0.24791] color: 32 (rgba 8880), depth: 24, stencil: 0, acc: 0000, samples: 2/1
display  D   display_settings.c:377  _al_score_display_settings       [   0.24795] Single Buffer requirement not met.
display  D   display_settings.c:191  debug_display_settings           [   0.24798] color: 32 (rgba 8880), depth: 16, stencil: 0, acc: 0000, samples: 0/0
display  D   display_settings.c:377  _al_score_display_settings       [   0.24801] Single Buffer requirement not met.
display  D   display_settings.c:191  debug_display_settings           [   0.24804] color: 32 (rgba 8880), depth: 16, stencil: 0, acc: 0000, samples: 0/0
display  D   display_settings.c:377  _al_score_display_settings       [   0.24808] Single Buffer requirement not met.
display  D   display_settings.c:191  debug_display_settings           [   0.24811] color: 32 (rgba 8880), depth: 16, stencil: 0, acc: 0000, samples: 2/1
display  D   display_settings.c:377  _al_score_display_settings       [   0.24815] Single Buffer requirement not met.
display  D   display_settings.c:191  debug_display_settings           [   0.24818] color: 16 (rgba 5650), depth: 0, stencil: 0, acc: 0000, samples: 0/0
display  D   display_settings.c:377  _al_score_display_settings       [   0.24821] Single Buffer requirement not met.
display  D   display_settings.c:191  debug_display_settings           [   0.24824] color: 16 (rgba 5650), depth: 0, stencil: 0, acc: 0000, samples: 0/0
display  D   display_settings.c:377  _al_score_display_settings       [   0.24828] Single Buffer requirement not met.
display  D   display_settings.c:191  debug_display_settings           [   0.24831] color: 16 (rgba 5650), depth: 0, stencil: 0, acc: 0000, samples: 2/1
display  D   display_settings.c:377  _al_score_display_settings       [   0.24834] Single Buffer requirement not met.
display  D   display_settings.c:191  debug_display_settings           [   0.24837] color: 16 (rgba 5650), depth: 24, stencil: 8, acc: 0000, samples: 0/0
display  D   display_settings.c:377  _al_score_display_settings       [   0.24841] Single Buffer requirement not met.
display  D   display_settings.c:191  debug_display_settings           [   0.24844] color: 16 (rgba 5650), depth: 24, stencil: 8, acc: 0000, samples: 0/0
display  D   display_settings.c:377  _al_score_display_settings       [   0.24848] Single Buffer requirement not met.
display  D   display_settings.c:191  debug_display_settings           [   0.24852] color: 16 (rgba 5650), depth: 24, stencil: 8, acc: 0000, samples: 2/1
display  D   display_settings.c:377  _al_score_display_settings       [   0.24855] Single Buffer requirement not met.
display  D   display_settings.c:191  debug_display_settings           [   0.24858] color: 16 (rgba 5650), depth: 24, stencil: 0, acc: 0000, samples: 0/0
display  D   display_settings.c:377  _al_score_display_settings       [   0.24862] Single Buffer requirement not met.
display  D   display_settings.c:191  debug_display_settings           [   0.24865] color: 16 (rgba 5650), depth: 24, stencil: 0, acc: 0000, samples: 0/0
display  D   display_settings.c:377  _al_score_display_settings       [   0.24868] Single Buffer requirement not met.
display  D   display_settings.c:191  debug_display_settings           [   0.24871] color: 16 (rgba 5650), depth: 24, stencil: 0, acc: 0000, samples: 2/1
display  D   display_settings.c:377  _al_score_display_settings       [   0.24875] Single Buffer requirement not met.
display  D   display_settings.c:191  debug_display_settings           [   0.24878] color: 16 (rgba 5650), depth: 16, stencil: 0, acc: 0000, samples: 0/0
display  D   display_settings.c:377  _al_score_display_settings       [   0.24882] Single Buffer requirement not met.
display  D   display_settings.c:191  debug_display_settings           [   0.24885] color: 16 (rgba 5650), depth: 16, stencil: 0, acc: 0000, samples: 0/0
display  D   display_settings.c:377  _al_score_display_settings       [   0.24888] Single Buffer requirement not met.
display  D   display_settings.c:191  debug_display_settings           [   0.24891] color: 16 (rgba 5650), depth: 16, stencil: 0, acc: 0000, samples: 2/1
display  D   display_settings.c:377  _al_score_display_settings       [   0.24895] Single Buffer requirement not met.
d3d      D         d3d_disp.cpp:1640 d3d_create_display_internals     [   0.24901] Trying format 0.
d3d      I         d3d_disp.cpp:1325 d3d_display_thread_proc          [   0.25788] Chose a display format: 23
d3d      I         d3d_disp.cpp:1394 d3d_display_thread_proc          [   0.25795] Normal window.
d3d      I         d3d_disp.cpp:800  d3d_create_device                [   0.32693] Using no depth stencil buffer
d3d      D         d3d_disp.cpp:865  d3d_create_device                [   0.42248] BeginScene succeeded in create_device
d3d      D         d3d_disp.cpp:873  d3d_create_device                [   0.42256] Success
d3d      D         d3d_disp.cpp:1663 d3d_create_display_internals     [   0.42263] Resumed after wait.
d3d      I         d3d_disp.cpp:1696 d3d_create_display_internals     [   0.42271] Format 0 succeeded.
d3d      D         d3d_disp.cpp:1719 d3d_create_display_internals     [   0.42277] Returning d3d_display: 009153C0
d3d      D         d3d_disp.cpp:1744 d3d_create_display_locked        [   0.42281] al_display=009153C0
d3d      D         d3d_disp.cpp:1745 d3d_create_display_locked        [   0.42284] al_display->vt=009152F8
font     D                ttf.c:786  al_load_ttf_font_stretch_f       [   0.42553] Font fonts/nokiafc22.ttf loaded with pixel size 0 x 18.
font     D                ttf.c:788  al_load_ttf_font_stretch_f       [   0.42558]     ascent=18.0, descent=-4.0, height=25.0
dtor     D               dtor.c:184  _al_register_destructor          [   0.42564] added dtor for object 0091E878, func 548B1B63
d3d      D         d3d_disp.cpp:1165 real_choose_bitmap_format        [   0.46239] Fake format
d3d      D         d3d_disp.cpp:1165 real_choose_bitmap_format        [   0.46247] Fake format
d3d      D         d3d_disp.cpp:1165 real_choose_bitmap_format        [   0.46250] Fake format
d3d      D         d3d_disp.cpp:1165 real_choose_bitmap_format        [   0.46253] Fake format
d3d      D         d3d_disp.cpp:1165 real_choose_bitmap_format        [   0.46256] Fake format
d3d      D         d3d_disp.cpp:1165 real_choose_bitmap_format        [   0.46260] Fake format
d3d      D         d3d_disp.cpp:1165 real_choose_bitmap_format        [   0.46263] Fake format
d3d      D         d3d_disp.cpp:1165 real_choose_bitmap_format        [   0.46266] Fake format
d3d      D         d3d_disp.cpp:1165 real_choose_bitmap_format        [   0.46269] Fake format
d3d      D         d3d_disp.cpp:1173 real_choose_bitmap_format        [   0.46272] Alpha doesn't match
d3d      D         d3d_disp.cpp:1180 real_choose_bitmap_format        [   0.46275] Adapter format is 23
d3d      D         d3d_disp.cpp:1183 real_choose_bitmap_format        [   0.46279] Found a format
d3d      I         d3d_disp.cpp:2289 _al_d3d_create_bitmap            [   0.46284] Chose bitmap format 9
dtor     D               dtor.c:184  _al_register_destructor          [   0.46332] added dtor for object 04E27038, func 548B259F
d3d      D          d3d_bmp.cpp:455  _al_d3d_sync_bitmap              [   0.46819] _al_d3d_sync_bitmap (system) ref count == 1
d3d      D          d3d_bmp.cpp:460  _al_d3d_sync_bitmap              [   0.46828] _al_d3d_sync_bitmap (video) ref count == 1
d3d      D         d3d_disp.cpp:1165 real_choose_bitmap_format        [   0.46976] Fake format
d3d      D         d3d_disp.cpp:1165 real_choose_bitmap_format        [   0.46980] Fake format
d3d      D         d3d_disp.cpp:1165 real_choose_bitmap_format        [   0.46983] Fake format
d3d      D         d3d_disp.cpp:1165 real_choose_bitmap_format        [   0.46986] Fake format
d3d      D         d3d_disp.cpp:1165 real_choose_bitmap_format        [   0.46989] Fake format
d3d      D         d3d_disp.cpp:1165 real_choose_bitmap_format        [   0.46992] Fake format
d3d      D         d3d_disp.cpp:1165 real_choose_bitmap_format        [   0.46995] Fake format
d3d      D         d3d_disp.cpp:1165 real_choose_bitmap_format        [   0.46998] Fake format
d3d      D         d3d_disp.cpp:1165 real_choose_bitmap_format        [   0.47001] Fake format
d3d      D         d3d_disp.cpp:1173 real_choose_bitmap_format        [   0.47004] Alpha doesn't match
d3d      D         d3d_disp.cpp:1180 real_choose_bitmap_format        [   0.47007] Adapter format is 23
d3d      D         d3d_disp.cpp:1183 real_choose_bitmap_format        [   0.47010] Found a format
d3d      I         d3d_disp.cpp:2289 _al_d3d_create_bitmap            [   0.47014] Chose bitmap format 9
dtor     D               dtor.c:184  _al_register_destructor          [   0.47038] added dtor for object 0091F0B8, func 548B259F
d3d      D          d3d_bmp.cpp:455  _al_d3d_sync_bitmap              [   0.47558] _al_d3d_sync_bitmap (system) ref count == 1
d3d      D          d3d_bmp.cpp:460  _al_d3d_sync_bitmap              [   0.47567] _al_d3d_sync_bitmap (video) ref count == 1
d3d      D         d3d_disp.cpp:1165 real_choose_bitmap_format        [   0.47650] Fake format
d3d      D         d3d_disp.cpp:1165 real_choose_bitmap_format        [   0.47655] Fake format
d3d      D         d3d_disp.cpp:1165 real_choose_bitmap_format        [   0.47658] Fake format
d3d      D         d3d_disp.cpp:1165 real_choose_bitmap_format        [   0.47661] Fake format
d3d      D         d3d_disp.cpp:1165 real_choose_bitmap_format        [   0.47664] Fake format
d3d      D         d3d_disp.cpp:1165 real_choose_bitmap_format        [   0.47667] Fake format
d3d      D         d3d_disp.cpp:1165 real_choose_bitmap_format        [   0.47669] Fake format
d3d      D         d3d_disp.cpp:1165 real_choose_bitmap_format        [   0.47672] Fake format
d3d      D         d3d_disp.cpp:1165 real_choose_bitmap_format        [   0.47675] Fake format
d3d      D         d3d_disp.cpp:1173 real_choose_bitmap_format        [   0.47678] Alpha doesn't match
d3d      D         d3d_disp.cpp:1180 real_choose_bitmap_format        [   0.47681] Adapter format is 23
d3d      D         d3d_disp.cpp:1183 real_choose_bitmap_format        [   0.47685] Found a format
d3d      I         d3d_disp.cpp:2289 _al_d3d_create_bitmap            [   0.47693] Chose bitmap format 9
dtor     D               dtor.c:184  _al_register_destructor          [   0.47715] added dtor for object 04E365F0, func 548B259F
d3d      D          d3d_bmp.cpp:455  _al_d3d_sync_bitmap              [   0.47892] _al_d3d_sync_bitmap (system) ref count == 1
d3d      D          d3d_bmp.cpp:460  _al_d3d_sync_bitmap              [   0.47899] _al_d3d_sync_bitmap (video) ref count == 1
d3d      D         d3d_disp.cpp:1165 real_choose_bitmap_format        [   0.47978] Fake format
d3d      D         d3d_disp.cpp:1165 real_choose_bitmap_format        [   0.47982] Fake format
d3d      D         d3d_disp.cpp:1165 real_choose_bitmap_format        [   0.47985] Fake format
d3d      D         d3d_disp.cpp:1165 real_choose_bitmap_format        [   0.47988] Fake format
d3d      D         d3d_disp.cpp:1165 real_choose_bitmap_format        [   0.47991] Fake format
d3d      D         d3d_disp.cpp:1165 real_choose_bitmap_format        [   0.47994] Fake format
d3d      D         d3d_disp.cpp:1165 real_choose_bitmap_format        [   0.47996] Fake format
d3d      D         d3d_disp.cpp:1165 real_choose_bitmap_format        [   0.47999] Fake format
d3d      D         d3d_disp.cpp:1165 real_choose_bitmap_format        [   0.48002] Fake format
d3d      D         d3d_disp.cpp:1173 real_choose_bitmap_format        [   0.48005] Alpha doesn't match
d3d      D         d3d_disp.cpp:1180 real_choose_bitmap_format        [   0.48008] Adapter format is 23
d3d      D         d3d_disp.cpp:1183 real_choose_bitmap_format        [   0.48011] Found a format
d3d      I         d3d_disp.cpp:2289 _al_d3d_create_bitmap            [   0.48016] Chose bitmap format 9
dtor     D               dtor.c:184  _al_register_destructor          [   0.48033] added dtor for object 0091F218, func 548B259F
d3d      D          d3d_bmp.cpp:455  _al_d3d_sync_bitmap              [   0.48122] _al_d3d_sync_bitmap (system) ref count == 1
d3d      D          d3d_bmp.cpp:460  _al_d3d_sync_bitmap              [   0.48129] _al_d3d_sync_bitmap (video) ref count == 1
d3d      D         d3d_disp.cpp:1165 real_choose_bitmap_format        [   0.48202] Fake format
d3d      D         d3d_disp.cpp:1165 real_choose_bitmap_format        [   0.48206] Fake format
d3d      D         d3d_disp.cpp:1165 real_choose_bitmap_format        [   0.48209] Fake format
d3d      D         d3d_disp.cpp:1165 real_choose_bitmap_format        [   0.48211] Fake format
d3d      D         d3d_disp.cpp:1165 real_choose_bitmap_format        [   0.48215] Fake format
d3d      D         d3d_disp.cpp:1165 real_choose_bitmap_format        [   0.48218] Fake format
d3d      D         d3d_disp.cpp:1165 real_choose_bitmap_format        [   0.48221] Fake format
d3d      D         d3d_disp.cpp:1165 real_choose_bitmap_format        [   0.48224] Fake format
d3d      D         d3d_disp.cpp:1165 real_choose_bitmap_format        [   0.48227] Fake format
d3d      D         d3d_disp.cpp:1173 real_choose_bitmap_format        [   0.48230] Alpha doesn't match
d3d      D         d3d_disp.cpp:1180 real_choose_bitmap_format        [   0.48233] Adapter format is 23
d3d      D         d3d_disp.cpp:1183 real_choose_bitmap_format        [   0.48236] Found a format
d3d      I         d3d_disp.cpp:2289 _al_d3d_create_bitmap            [   0.48239] Chose bitmap format 9
dtor     D               dtor.c:184  _al_register_destructor          [   0.48254] added dtor for object 04E38800, func 548B259F
d3d      D          d3d_bmp.cpp:455  _al_d3d_sync_bitmap              [   0.48340] _al_d3d_sync_bitmap (system) ref count == 1
d3d      D          d3d_bmp.cpp:460  _al_d3d_sync_bitmap              [   0.48347] _al_d3d_sync_bitmap (video) ref count == 1
d3d      D         d3d_disp.cpp:1165 real_choose_bitmap_format        [   0.48432] Fake format
d3d      D         d3d_disp.cpp:1165 real_choose_bitmap_format        [   0.48437] Fake format
d3d      D         d3d_disp.cpp:1165 real_choose_bitmap_format        [   0.48440] Fake format
d3d      D         d3d_disp.cpp:1165 real_choose_bitmap_format        [   0.48444] Fake format
d3d      D         d3d_disp.cpp:1165 real_choose_bitmap_format        [   0.48447] Fake format
d3d      D         d3d_disp.cpp:1165 real_choose_bitmap_format        [   0.48450] Fake format
d3d      D         d3d_disp.cpp:1165 real_choose_bitmap_format        [   0.48453] Fake format
d3d      D         d3d_disp.cpp:1165 real_choose_bitmap_format        [   0.48456] Fake format
d3d      D         d3d_disp.cpp:1165 real_choose_bitmap_format        [   0.48459] Fake format
d3d      D         d3d_disp.cpp:1173 real_choose_bitmap_format        [   0.48462] Alpha doesn't match
d3d      D         d3d_disp.cpp:1180 real_choose_bitmap_format        [   0.48465] Adapter format is 23
d3d      D         d3d_disp.cpp:1183 real_choose_bitmap_format        [   0.48469] Found a format
d3d      I         d3d_disp.cpp:2289 _al_d3d_create_bitmap            [   0.48472] Chose bitmap format 9
dtor     D               dtor.c:184  _al_register_destructor          [   0.48493] added dtor for object 0091F328, func 548B259F
d3d      D          d3d_bmp.cpp:455  _al_d3d_sync_bitmap              [   0.48590] _al_d3d_sync_bitmap (system) ref count == 1
d3d      D          d3d_bmp.cpp:460  _al_d3d_sync_bitmap              [   0.48598] _al_d3d_sync_bitmap (video) ref count == 1
d3d      D         d3d_disp.cpp:1165 real_choose_bitmap_format        [   0.48687] Fake format
d3d      D         d3d_disp.cpp:1165 real_choose_bitmap_format        [   0.48690] Fake format
d3d      D         d3d_disp.cpp:1165 real_choose_bitmap_format        [   0.48693] Fake format
d3d      D         d3d_disp.cpp:1165 real_choose_bitmap_format        [   0.48696] Fake format
d3d      D         d3d_disp.cpp:1165 real_choose_bitmap_format        [   0.48698] Fake format
d3d      D         d3d_disp.cpp:1165 real_choose_bitmap_format        [   0.48701] Fake format
d3d      D         d3d_disp.cpp:1165 real_choose_bitmap_format        [   0.48704] Fake format
d3d      D         d3d_disp.cpp:1165 real_choose_bitmap_format        [   0.48706] Fake format
d3d      D         d3d_disp.cpp:1165 real_choose_bitmap_format        [   0.48709] Fake format
d3d      D         d3d_disp.cpp:1173 real_choose_bitmap_format        [   0.48712] Alpha doesn't match
d3d      D         d3d_disp.cpp:1180 real_choose_bitmap_format        [   0.48717] Adapter format is 23
d3d      D         d3d_disp.cpp:1183 real_choose_bitmap_format        [   0.48721] Found a format
d3d      I         d3d_disp.cpp:2289 _al_d3d_create_bitmap            [   0.48724] Chose bitmap format 9
dtor     D               dtor.c:184  _al_register_destructor          [   0.48745] added dtor for object 04E3A990, func 548B259F
d3d      D          d3d_bmp.cpp:455  _al_d3d_sync_bitmap              [   0.49279] _al_d3d_sync_bitmap (system) ref count == 1
d3d      D          d3d_bmp.cpp:460  _al_d3d_sync_bitmap              [   0.49286] _al_d3d_sync_bitmap (video) ref count == 1
d3d      D         d3d_disp.cpp:1165 real_choose_bitmap_format        [   0.49392] Fake format
d3d      D         d3d_disp.cpp:1165 real_choose_bitmap_format        [   0.49396] Fake format
d3d      D         d3d_disp.cpp:1165 real_choose_bitmap_format        [   0.49399] Fake format
d3d      D         d3d_disp.cpp:1165 real_choose_bitmap_format        [   0.49403] Fake format
d3d      D         d3d_disp.cpp:1165 real_choose_bitmap_format        [   0.49405] Fake format
d3d      D         d3d_disp.cpp:1165 real_choose_bitmap_format        [   0.49408] Fake format
d3d      D         d3d_disp.cpp:1165 real_choose_bitmap_format        [   0.49411] Fake format
d3d      D         d3d_disp.cpp:1165 real_choose_bitmap_format        [   0.49417] Fake format
d3d      D         d3d_disp.cpp:1165 real_choose_bitmap_format        [   0.49420] Fake format
d3d      D         d3d_disp.cpp:1173 real_choose_bitmap_format        [   0.49423] Alpha doesn't match
d3d      D         d3d_disp.cpp:1180 real_choose_bitmap_format        [   0.49426] Adapter format is 23
d3d      D         d3d_disp.cpp:1183 real_choose_bitmap_format        [   0.49430] Found a format
d3d      I         d3d_disp.cpp:2289 _al_d3d_create_bitmap            [   0.49434] Chose bitmap format 9
dtor     D               dtor.c:184  _al_register_destructor          [   0.49472] added dtor for object 04E3C600, func 548B259F
d3d      D          d3d_bmp.cpp:455  _al_d3d_sync_bitmap              [   0.49687] _al_d3d_sync_bitmap (system) ref count == 1
d3d      D          d3d_bmp.cpp:460  _al_d3d_sync_bitmap              [   0.49695] _al_d3d_sync_bitmap (video) ref count == 1
d3d      D         d3d_disp.cpp:1165 real_choose_bitmap_format        [   0.49871] Fake format
d3d      D         d3d_disp.cpp:1165 real_choose_bitmap_format        [   0.49876] Fake format
d3d      D         d3d_disp.cpp:1165 real_choose_bitmap_format        [   0.49879] Fake format
d3d      D         d3d_disp.cpp:1165 real_choose_bitmap_format        [   0.49882] Fake format
d3d      D         d3d_disp.cpp:1165 real_choose_bitmap_format        [   0.49885] Fake format
d3d      D         d3d_disp.cpp:1165 real_choose_bitmap_format        [   0.49888] Fake format
d3d      D         d3d_disp.cpp:1165 real_choose_bitmap_format        [   0.49891] Fake format
d3d      D         d3d_disp.cpp:1165 real_choose_bitmap_format        [   0.49894] Fake format
d3d      D         d3d_disp.cpp:1165 real_choose_bitmap_format        [   0.49897] Fake format
d3d      D         d3d_disp.cpp:1173 real_choose_bitmap_format        [   0.49900] Alpha doesn't match
d3d      D         d3d_disp.cpp:1180 real_choose_bitmap_format        [   0.49903] Adapter format is 23
d3d      D         d3d_disp.cpp:1183 real_choose_bitmap_format        [   0.49907] Found a format
d3d      I         d3d_disp.cpp:2289 _al_d3d_create_bitmap            [   0.49910] Chose bitmap format 9
dtor     D               dtor.c:184  _al_register_destructor          [   0.49939] added dtor for object 0091F4F8, func 548B259F
d3d      D          d3d_bmp.cpp:455  _al_d3d_sync_bitmap              [   0.50203] _al_d3d_sync_bitmap (system) ref count == 1
d3d      D          d3d_bmp.cpp:460  _al_d3d_sync_bitmap              [   0.50212] _al_d3d_sync_bitmap (video) ref count == 1
d3d      D         d3d_disp.cpp:1165 real_choose_bitmap_format        [   0.50327] Fake format
d3d      D         d3d_disp.cpp:1165 real_choose_bitmap_format        [   0.50332] Fake format
d3d      D         d3d_disp.cpp:1165 real_choose_bitmap_format        [   0.50335] Fake format
d3d      D         d3d_disp.cpp:1165 real_choose_bitmap_format        [   0.50338] Fake format
d3d      D         d3d_disp.cpp:1165 real_choose_bitmap_format        [   0.50341] Fake format
d3d      D         d3d_disp.cpp:1165 real_choose_bitmap_format        [   0.50344] Fake format
d3d      D         d3d_disp.cpp:1165 real_choose_bitmap_format        [   0.50347] Fake format
d3d      D         d3d_disp.cpp:1165 real_choose_bitmap_format        [   0.50350] Fake format
d3d      D         d3d_disp.cpp:1165 real_choose_bitmap_format        [   0.50352] Fake format
d3d      D         d3d_disp.cpp:1173 real_choose_bitmap_format        [   0.50355] Alpha doesn't match
d3d      D         d3d_disp.cpp:1180 real_choose_bitmap_format        [   0.50358] Adapter format is 23
d3d      D         d3d_disp.cpp:1183 real_choose_bitmap_format        [   0.50362] Found a format
d3d      I         d3d_disp.cpp:2289 _al_d3d_create_bitmap            [   0.50365] Chose bitmap format 9
dtor     D               dtor.c:184  _al_register_destructor          [   0.50387] added dtor for object 04E4D790, func 548B259F
d3d      D          d3d_bmp.cpp:455  _al_d3d_sync_bitmap              [   0.51099] _al_d3d_sync_bitmap (system) ref count == 1
d3d      D          d3d_bmp.cpp:460  _al_d3d_sync_bitmap              [   0.51110] _al_d3d_sync_bitmap (video) ref count == 1
d3d      D         d3d_disp.cpp:1165 real_choose_bitmap_format        [   0.51218] Fake format
d3d      D         d3d_disp.cpp:1165 real_choose_bitmap_format        [   0.51223] Fake format
d3d      D         d3d_disp.cpp:1165 real_choose_bitmap_format        [   0.51227] Fake format
d3d      D         d3d_disp.cpp:1165 real_choose_bitmap_format        [   0.51230] Fake format
d3d      D         d3d_disp.cpp:1165 real_choose_bitmap_format        [   0.51233] Fake format
d3d      D         d3d_disp.cpp:1165 real_choose_bitmap_format        [   0.51236] Fake format
d3d      D         d3d_disp.cpp:1165 real_choose_bitmap_format        [   0.51239] Fake format
d3d      D         d3d_disp.cpp:1165 real_choose_bitmap_format        [   0.51242] Fake format
d3d      D         d3d_disp.cpp:1165 real_choose_bitmap_format        [   0.51245] Fake format
d3d      D         d3d_disp.cpp:1173 real_choose_bitmap_format        [   0.51247] Alpha doesn't match
d3d      D         d3d_disp.cpp:1180 real_choose_bitmap_format        [   0.51250] Adapter format is 23
d3d      D         d3d_disp.cpp:1183 real_choose_bitmap_format        [   0.51253] Found a format
d3d      I         d3d_disp.cpp:2289 _al_d3d_create_bitmap            [   0.51256] Chose bitmap format 9
dtor     D               dtor.c:184  _al_register_destructor          [   0.51276] added dtor for object 0091FE48, func 548B259F
d3d      D          d3d_bmp.cpp:455  _al_d3d_sync_bitmap              [   0.51401] _al_d3d_sync_bitmap (system) ref count == 1
d3d      D          d3d_bmp.cpp:460  _al_d3d_sync_bitmap              [   0.51410] _al_d3d_sync_bitmap (video) ref count == 1
d3d      D         d3d_disp.cpp:1165 real_choose_bitmap_format        [   0.51504] Fake format
d3d      D         d3d_disp.cpp:1165 real_choose_bitmap_format        [   0.51508] Fake format
d3d      D         d3d_disp.cpp:1165 real_choose_bitmap_format        [   0.51511] Fake format
d3d      D         d3d_disp.cpp:1165 real_choose_bitmap_format        [   0.51514] Fake format
d3d      D         d3d_disp.cpp:1165 real_choose_bitmap_format        [   0.51517] Fake format
d3d      D         d3d_disp.cpp:1165 real_choose_bitmap_format        [   0.51520] Fake format
d3d      D         d3d_disp.cpp:1165 real_choose_bitmap_format        [   0.51523] Fake format
d3d      D         d3d_disp.cpp:1165 real_choose_bitmap_format        [   0.51526] Fake format
d3d      D         d3d_disp.cpp:1165 real_choose_bitmap_format        [   0.51529] Fake format
d3d      D         d3d_disp.cpp:1173 real_choose_bitmap_format        [   0.51532] Alpha doesn't match
d3d      D         d3d_disp.cpp:1180 real_choose_bitmap_format        [   0.51535] Adapter format is 23
d3d      D         d3d_disp.cpp:1183 real_choose_bitmap_format        [   0.51538] Found a format
d3d      I         d3d_disp.cpp:2289 _al_d3d_create_bitmap            [   0.51541] Chose bitmap format 9
dtor     D               dtor.c:184  _al_register_destructor          [   0.51558] added dtor for object 04E4E1E0, func 548B259F
d3d      D          d3d_bmp.cpp:455  _al_d3d_sync_bitmap              [   0.51643] _al_d3d_sync_bitmap (system) ref count == 1
d3d      D          d3d_bmp.cpp:460  _al_d3d_sync_bitmap              [   0.51650] _al_d3d_sync_bitmap (video) ref count == 1
d3d      D         d3d_disp.cpp:1165 real_choose_bitmap_format        [   0.51744] Fake format
d3d      D         d3d_disp.cpp:1165 real_choose_bitmap_format        [   0.51747] Fake format
d3d      D         d3d_disp.cpp:1165 real_choose_bitmap_format        [   0.51750] Fake format
d3d      D         d3d_disp.cpp:1165 real_choose_bitmap_format        [   0.51757] Fake format
d3d      D         d3d_disp.cpp:1165 real_choose_bitmap_format        [   0.51760] Fake format
d3d      D         d3d_disp.cpp:1165 real_choose_bitmap_format        [   0.51763] Fake format
d3d      D         d3d_disp.cpp:1165 real_choose_bitmap_format        [   0.51766] Fake format
d3d      D         d3d_disp.cpp:1165 real_choose_bitmap_format        [   0.51769] Fake format
d3d      D         d3d_disp.cpp:1165 real_choose_bitmap_format        [   0.51772] Fake format
d3d      D         d3d_disp.cpp:1173 real_choose_bitmap_format        [   0.51775] Alpha doesn't match
d3d      D         d3d_disp.cpp:1180 real_choose_bitmap_format        [   0.51778] Adapter format is 23
d3d      D         d3d_disp.cpp:1183 real_choose_bitmap_format        [   0.51782] Found a format
d3d      I         d3d_disp.cpp:2289 _al_d3d_create_bitmap            [   0.51785] Chose bitmap format 9
dtor     D               dtor.c:184  _al_register_destructor          [   0.51803] added dtor for object 04E4E5B0, func 548B259F
d3d      D          d3d_bmp.cpp:455  _al_d3d_sync_bitmap              [   0.51890] _al_d3d_sync_bitmap (system) ref count == 1
d3d      D          d3d_bmp.cpp:460  _al_d3d_sync_bitmap              [   0.51897] _al_d3d_sync_bitmap (video) ref count == 1
d3d      D         d3d_disp.cpp:1165 real_choose_bitmap_format        [   0.52073] Fake format
d3d      D         d3d_disp.cpp:1165 real_choose_bitmap_format        [   0.52078] Fake format
d3d      D         d3d_disp.cpp:1165 real_choose_bitmap_format        [   0.52082] Fake format
d3d      D         d3d_disp.cpp:1165 real_choose_bitmap_format        [   0.52085] Fake format
d3d      D         d3d_disp.cpp:1165 real_choose_bitmap_format        [   0.52088] Fake format
d3d      D         d3d_disp.cpp:1165 real_choose_bitmap_format        [   0.52091] Fake format
d3d      D         d3d_disp.cpp:1165 real_choose_bitmap_format        [   0.52094] Fake format
d3d      D         d3d_disp.cpp:1165 real_choose_bitmap_format        [   0.52097] Fake format
d3d      D         d3d_disp.cpp:1165 real_choose_bitmap_format        [   0.52100] Fake format
d3d      D         d3d_disp.cpp:1173 real_choose_bitmap_format        [   0.52103] Alpha doesn't match
d3d      D         d3d_disp.cpp:1180 real_choose_bitmap_format        [   0.52106] Adapter format is 23
d3d      D         d3d_disp.cpp:1183 real_choose_bitmap_format        [   0.52109] Found a format
d3d      I         d3d_disp.cpp:2289 _al_d3d_create_bitmap            [   0.52112] Chose bitmap format 9
dtor     D               dtor.c:184  _al_register_destructor          [   0.52133] added dtor for object 04E4E910, func 548B259F
d3d      D          d3d_bmp.cpp:455  _al_d3d_sync_bitmap              [   0.52840] _al_d3d_sync_bitmap (system) ref count == 1
d3d      D          d3d_bmp.cpp:460  _al_d3d_sync_bitmap              [   0.52847] _al_d3d_sync_bitmap (video) ref count == 1
d3d      D         d3d_disp.cpp:1165 real_choose_bitmap_format        [   0.52942] Fake format
d3d      D         d3d_disp.cpp:1165 real_choose_bitmap_format        [   0.52947] Fake format
d3d      D         d3d_disp.cpp:1165 real_choose_bitmap_format        [   0.52950] Fake format
d3d      D         d3d_disp.cpp:1165 real_choose_bitmap_format        [   0.52953] Fake format
d3d      D         d3d_disp.cpp:1165 real_choose_bitmap_format        [   0.52956] Fake format
d3d      D         d3d_disp.cpp:1165 real_choose_bitmap_format        [   0.52959] Fake format
d3d      D         d3d_disp.cpp:1165 real_choose_bitmap_format        [   0.52962] Fake format
d3d      D         d3d_disp.cpp:1165 real_choose_bitmap_format        [   0.52965] Fake format
d3d      D         d3d_disp.cpp:1165 real_choose_bitmap_format        [   0.52968] Fake format
d3d      D         d3d_disp.cpp:1173 real_choose_bitmap_format        [   0.52971] Alpha doesn't match
d3d      D         d3d_disp.cpp:1180 real_choose_bitmap_format        [   0.52974] Adapter format is 23
d3d      D         d3d_disp.cpp:1183 real_choose_bitmap_format        [   0.52977] Found a format
d3d      I         d3d_disp.cpp:2289 _al_d3d_create_bitmap            [   0.52980] Chose bitmap format 9
dtor     D               dtor.c:184  _al_register_destructor          [   0.53000] added dtor for object 04E4EB60, func 548B259F
d3d      D          d3d_bmp.cpp:455  _al_d3d_sync_bitmap              [   0.53091] _al_d3d_sync_bitmap (system) ref count == 1
d3d      D          d3d_bmp.cpp:460  _al_d3d_sync_bitmap              [   0.53100] _al_d3d_sync_bitmap (video) ref count == 1
audio-dsound D           dsound.cpp:234  _dsound_open                     [   0.53144] Loading DirectSound module
system   D            wsystem.c:583  maybe_parent_dir                 [   0.53161] Also searching C:\Users\Nancy\Documents\GitHub\platformer_1\
system   D            wsystem.c:633  _al_win_safe_load_library        [   0.53195] PathFindOnPath found: C:\Windows\system32\dsound.dll
system   D            wsystem.c:544  load_library_at_path             [   0.53199] Calling LoadLibrary C:\Windows\system32\dsound.dll
system   I            wsystem.c:547  load_library_at_path             [   0.60771] Loaded C:\Windows\system32\dsound.dll
audio-dsound I           dsound.cpp:251  _dsound_open                     [   0.60793] Starting DirectSound...
audio-dsound D           dsound.cpp:261  _dsound_open                     [   0.75895] DirectSoundCreate8 succeeded
audio    I              audio.c:286  do_install_audio                 [   0.76379] Using DirectSound driver
audio-dsound D           dsound.cpp:296  _dsound_allocate_voice           [   0.76407] Allocating voice
audio-dsound D           dsound.cpp:355  _dsound_allocate_voice           [   0.76414] Allocated voice
dtor     D               dtor.c:184  _al_register_destructor          [   0.76420] added dtor for object 04E4EEC0, func 548B251D
dtor     D               dtor.c:184  _al_register_destructor          [   0.76431] added dtor for object 04E26C10, func 548B2919
audio-dsound D           dsound.cpp:452  _dsound_start_voice              [   0.76441] Starting voice
audio-dsound D           dsound.cpp:481  _dsound_start_voice              [   0.76447] CreateSoundBuffer
audio-dsound D           dsound.cpp:490  _dsound_start_voice              [   0.76783] CreateSoundBuffer succeeded
audio-dsound D           dsound.cpp:496  _dsound_start_voice              [   0.76794] Starting _dsound_update thread
audio-dsound I           dsound.cpp:506  _dsound_start_voice              [   0.76823] Voice started
dtor     D               dtor.c:184  _al_register_destructor          [   0.76951] added dtor for object 04E26EE8, func 548B23F6
audio    D          kcm_mixer.c:121  _al_rechannel_matrix             [   0.77004] sample matrix:
audio    D          kcm_mixer.c:127  _al_rechannel_matrix             [   0.77011] 
audio    D          kcm_mixer.c:127  _al_rechannel_matrix             [   0.77016] 
dtor     D               dtor.c:184  _al_register_destructor          [   0.77023] added dtor for object 04E4F0F0, func 548B23F6
audio    D          kcm_mixer.c:121  _al_rechannel_matrix             [   0.77029] sample matrix:
audio    D          kcm_mixer.c:127  _al_rechannel_matrix             [   0.77035] 
audio    D          kcm_mixer.c:127  _al_rechannel_matrix             [   0.77039] 
dtor     D               dtor.c:184  _al_register_destructor          [   0.77057] added dtor for object 04E5B578, func 548B23F6
audio    D          kcm_mixer.c:121  _al_rechannel_matrix             [   0.77066] sample matrix:
audio    D          kcm_mixer.c:127  _al_rechannel_matrix             [   0.77072] 
audio    D          kcm_mixer.c:127  _al_rechannel_matrix             [   0.77077] 
dtor     D               dtor.c:184  _al_register_destructor          [   0.77084] added dtor for object 04E5B710, func 548B23F6
audio    D          kcm_mixer.c:121  _al_rechannel_matrix             [   0.77089] sample matrix:
audio    D          kcm_mixer.c:127  _al_rechannel_matrix             [   0.77094] 
audio    D          kcm_mixer.c:127  _al_rechannel_matrix             [   0.77099] 
dtor     D               dtor.c:184  _al_register_destructor          [   0.77204] added dtor for object 04E6D910, func 548B2383
dtor     D               dtor.c:184  _al_register_destructor          [   0.77298] added dtor for object 04E731A8, func 548B2383
dtor     D               dtor.c:184  _al_register_destructor          [   0.77386] added dtor for object 04E77A40, func 548B2383
dtor     D               dtor.c:184  _al_register_destructor          [   0.77482] added dtor for object 04E5C868, func 548B2383
acodec   I                ogg.c:201  _al_load_ogg_vorbis              [   0.77504] Loading sample snd/music/level1.ogg.
acodec   D                ogg.c:260  _al_load_ogg_vorbis_f            [   0.80016] channels 2
acodec   D                ogg.c:261  _al_load_ogg_vorbis_f            [   0.80021] word_size 2
acodec   D                ogg.c:262  _al_load_ogg_vorbis_f            [   0.80024] rate 44100
acodec   D                ogg.c:263  _al_load_ogg_vorbis_f            [   0.80027] total_samples 11358849
acodec   D                ogg.c:264  _al_load_ogg_vorbis_f            [   0.80030] total_size 45435396
dtor     D               dtor.c:184  _al_register_destructor          [   3.83558] added dtor for object 04E5B690, func 548B2383
audio    D          kcm_mixer.c:121  _al_rechannel_matrix             [   3.83588] sample matrix:
audio    D          kcm_mixer.c:127  _al_rechannel_matrix             [   3.83593]  0.707107 0.000000
audio    D          kcm_mixer.c:127  _al_rechannel_matrix             [   3.83596]  0.000000 0.707107
audio    D          kcm_mixer.c:121  _al_rechannel_matrix             [   3.83600] sample matrix:
audio    D          kcm_mixer.c:127  _al_rechannel_matrix             [   3.83604]  0.176777 0.000000
audio    D          kcm_mixer.c:127  _al_rechannel_matrix             [   3.83607]  0.000000 0.176777
dtor     D               dtor.c:184  _al_register_destructor          [   3.93228] added dtor for object 04E924E8, func 548B27AC
dtor     D               dtor.c:184  _al_register_destructor          [   3.93236] added dtor for object 04E92828, func 548B24DC
d3d      D         d3d_disp.cpp:1165 real_choose_bitmap_format        [   3.93240] Fake format
d3d      D         d3d_disp.cpp:1165 real_choose_bitmap_format        [   3.93243] Fake format
d3d      D         d3d_disp.cpp:1165 real_choose_bitmap_format        [   3.93246] Fake format
d3d      D         d3d_disp.cpp:1165 real_choose_bitmap_format        [   3.93249] Fake format
d3d      D         d3d_disp.cpp:1165 real_choose_bitmap_format        [   3.93253] Fake format
d3d      D         d3d_disp.cpp:1165 real_choose_bitmap_format        [   3.93255] Fake format
d3d      D         d3d_disp.cpp:1165 real_choose_bitmap_format        [   3.93258] Fake format
d3d      D         d3d_disp.cpp:1165 real_choose_bitmap_format        [   3.93261] Fake format
d3d      D         d3d_disp.cpp:1165 real_choose_bitmap_format        [   3.93264] Fake format
d3d      D         d3d_disp.cpp:1173 real_choose_bitmap_format        [   3.93266] Alpha doesn't match
d3d      D         d3d_disp.cpp:1180 real_choose_bitmap_format        [   3.93269] Adapter format is 23
d3d      D         d3d_disp.cpp:1183 real_choose_bitmap_format        [   3.93272] Found a format
d3d      I         d3d_disp.cpp:2289 _al_d3d_create_bitmap            [   3.93275] Chose bitmap format 9
dtor     D               dtor.c:184  _al_register_destructor          [   3.93517] added dtor for object 04E92908, func 548B259F
d3d      D         d3d_disp.cpp:1165 real_choose_bitmap_format        [   3.93533] Fake format
d3d      D         d3d_disp.cpp:1165 real_choose_bitmap_format        [   3.93537] Fake format
d3d      D         d3d_disp.cpp:1165 real_choose_bitmap_format        [   3.93540] Fake format
d3d      D         d3d_disp.cpp:1165 real_choose_bitmap_format        [   3.93543] Fake format
d3d      D         d3d_disp.cpp:1165 real_choose_bitmap_format        [   3.93546] Fake format
d3d      D         d3d_disp.cpp:1165 real_choose_bitmap_format        [   3.93549] Fake format
d3d      D         d3d_disp.cpp:1165 real_choose_bitmap_format        [   3.93552] Fake format
d3d      D         d3d_disp.cpp:1165 real_choose_bitmap_format        [   3.93555] Fake format
d3d      D         d3d_disp.cpp:1165 real_choose_bitmap_format        [   3.93558] Fake format
d3d      D         d3d_disp.cpp:1173 real_choose_bitmap_format        [   3.93561] Alpha doesn't match
d3d      D         d3d_disp.cpp:1180 real_choose_bitmap_format        [   3.93564] Adapter format is 23
d3d      D         d3d_disp.cpp:1183 real_choose_bitmap_format        [   3.93567] Found a format
d3d      I         d3d_disp.cpp:2289 _al_d3d_create_bitmap            [   3.93570] Chose bitmap format 9
dtor     D               dtor.c:184  _al_register_destructor          [   3.93875] added dtor for object 04E92A18, func 548B259F
d3d      D         d3d_disp.cpp:1165 real_choose_bitmap_format        [   4.21978] Fake format
d3d      D         d3d_disp.cpp:1165 real_choose_bitmap_format        [   4.21983] Fake format
d3d      D         d3d_disp.cpp:1165 real_choose_bitmap_format        [   4.21986] Fake format
d3d      D         d3d_disp.cpp:1165 real_choose_bitmap_format        [   4.21989] Fake format
d3d      D         d3d_disp.cpp:1165 real_choose_bitmap_format        [   4.21992] Fake format
d3d      D         d3d_disp.cpp:1165 real_choose_bitmap_format        [   4.21995] Fake format
d3d      D         d3d_disp.cpp:1165 real_choose_bitmap_format        [   4.21997] Fake format
d3d      D         d3d_disp.cpp:1165 real_choose_bitmap_format        [   4.22000] Fake format
d3d      D         d3d_disp.cpp:1165 real_choose_bitmap_format        [   4.22003] Fake format
d3d      D         d3d_disp.cpp:1173 real_choose_bitmap_format        [   4.22006] Alpha doesn't match
d3d      D         d3d_disp.cpp:1180 real_choose_bitmap_format        [   4.22009] Adapter format is 23
d3d      D         d3d_disp.cpp:1183 real_choose_bitmap_format        [   4.22012] Found a format
d3d      I         d3d_disp.cpp:2289 _al_d3d_create_bitmap            [   4.22015] Chose bitmap format 9
font     D                ttf.c:216  alloc_glyph_region               [   4.22197] glyph 14x17 (16x20)
d3d      D          d3d_bmp.cpp:455  _al_d3d_sync_bitmap              [   4.24448] _al_d3d_sync_bitmap (system) ref count == 1
d3d      D          d3d_bmp.cpp:460  _al_d3d_sync_bitmap              [   4.24454] _al_d3d_sync_bitmap (video) ref count == 2
font     D                ttf.c:216  alloc_glyph_region               [   4.24494] glyph 13x17 (16x20)
d3d      D          d3d_bmp.cpp:455  _al_d3d_sync_bitmap              [   4.25045] _al_d3d_sync_bitmap (system) ref count == 1
d3d      D          d3d_bmp.cpp:460  _al_d3d_sync_bitmap              [   4.25050] _al_d3d_sync_bitmap (video) ref count == 2
font     D                ttf.c:216  alloc_glyph_region               [   4.25082] glyph 11x17 (12x20)
d3d      D          d3d_bmp.cpp:455  _al_d3d_sync_bitmap              [   4.25623] _al_d3d_sync_bitmap (system) ref count == 1
d3d      D          d3d_bmp.cpp:460  _al_d3d_sync_bitmap              [   4.25628] _al_d3d_sync_bitmap (video) ref count == 2
font     D                ttf.c:216  alloc_glyph_region               [   4.25654] glyph 7x13 (8x16)
d3d      D          d3d_bmp.cpp:455  _al_d3d_sync_bitmap              [   4.26200] _al_d3d_sync_bitmap (system) ref count == 1
d3d      D          d3d_bmp.cpp:460  _al_d3d_sync_bitmap              [   4.26212] _al_d3d_sync_bitmap (video) ref count == 2
font     D                ttf.c:216  alloc_glyph_region               [   4.26269] glyph 9x17 (12x20)
d3d      D          d3d_bmp.cpp:455  _al_d3d_sync_bitmap              [   4.26854] _al_d3d_sync_bitmap (system) ref count == 1
d3d      D          d3d_bmp.cpp:460  _al_d3d_sync_bitmap              [   4.26871] _al_d3d_sync_bitmap (video) ref count == 2
font     D                ttf.c:216  alloc_glyph_region               [   4.26936] glyph 7x6 (8x8)
d3d      D          d3d_bmp.cpp:455  _al_d3d_sync_bitmap              [   4.27557] _al_d3d_sync_bitmap (system) ref count == 1
d3d      D          d3d_bmp.cpp:460  _al_d3d_sync_bitmap              [   4.27574] _al_d3d_sync_bitmap (video) ref count == 2
font     D                ttf.c:216  alloc_glyph_region               [   4.27656] glyph 13x17 (16x20)
d3d      D          d3d_bmp.cpp:455  _al_d3d_sync_bitmap              [   4.28282] _al_d3d_sync_bitmap (system) ref count == 1
d3d      D          d3d_bmp.cpp:460  _al_d3d_sync_bitmap              [   4.28299] _al_d3d_sync_bitmap (video) ref count == 2
font     D                ttf.c:216  alloc_glyph_region               [   4.28392] glyph 16x5 (16x8)
d3d      D          d3d_bmp.cpp:455  _al_d3d_sync_bitmap              [   4.28992] _al_d3d_sync_bitmap (system) ref count == 1
d3d      D          d3d_bmp.cpp:460  _al_d3d_sync_bitmap              [   4.29007] _al_d3d_sync_bitmap (video) ref count == 2
font     D                ttf.c:216  alloc_glyph_region               [   4.29063] glyph 11x13 (12x16)
d3d      D          d3d_bmp.cpp:455  _al_d3d_sync_bitmap              [   4.29602] _al_d3d_sync_bitmap (system) ref count == 1
d3d      D          d3d_bmp.cpp:460  _al_d3d_sync_bitmap              [   4.29609] _al_d3d_sync_bitmap (video) ref count == 2
font     D                ttf.c:216  alloc_glyph_region               [   4.29638] glyph 13x13 (16x16)
d3d      D          d3d_bmp.cpp:455  _al_d3d_sync_bitmap              [   4.30129] _al_d3d_sync_bitmap (system) ref count == 1
d3d      D          d3d_bmp.cpp:460  _al_d3d_sync_bitmap              [   4.30136] _al_d3d_sync_bitmap (video) ref count == 2
font     D                ttf.c:216  alloc_glyph_region               [   4.30167] glyph 20x13 (20x16)
d3d      D          d3d_bmp.cpp:455  _al_d3d_sync_bitmap              [   4.30398] _al_d3d_sync_bitmap (system) ref count == 1
d3d      D          d3d_bmp.cpp:460  _al_d3d_sync_bitmap              [   4.30404] _al_d3d_sync_bitmap (video) ref count == 2
font     D                ttf.c:216  alloc_glyph_region               [   4.30438] glyph 16x17 (16x20)
d3d      D          d3d_bmp.cpp:455  _al_d3d_sync_bitmap              [   4.30666] _al_d3d_sync_bitmap (system) ref count == 1
d3d      D          d3d_bmp.cpp:460  _al_d3d_sync_bitmap              [   4.30672] _al_d3d_sync_bitmap (video) ref count == 2
font     D                ttf.c:216  alloc_glyph_region               [   4.30710] glyph 16x17 (16x20)
d3d      D          d3d_bmp.cpp:455  _al_d3d_sync_bitmap              [   4.30937] _al_d3d_sync_bitmap (system) ref count == 1
d3d      D          d3d_bmp.cpp:460  _al_d3d_sync_bitmap              [   4.30943] _al_d3d_sync_bitmap (video) ref count == 2
font     D                ttf.c:216  alloc_glyph_region               [   4.30988] glyph 13x17 (16x20)
d3d      D          d3d_bmp.cpp:455  _al_d3d_sync_bitmap              [   4.31229] _al_d3d_sync_bitmap (system) ref count == 1
d3d      D          d3d_bmp.cpp:460  _al_d3d_sync_bitmap              [   4.31236] _al_d3d_sync_bitmap (video) ref count == 2
font     D                ttf.c:216  alloc_glyph_region               [   4.31266] glyph 13x17 (16x20)
d3d      D          d3d_bmp.cpp:455  _al_d3d_sync_bitmap              [   4.31494] _al_d3d_sync_bitmap (system) ref count == 1
d3d      D          d3d_bmp.cpp:460  _al_d3d_sync_bitmap              [   4.31501] _al_d3d_sync_bitmap (video) ref count == 2
font     D                ttf.c:216  alloc_glyph_region               [   4.31528] glyph 13x17 (16x20)
d3d      D          d3d_bmp.cpp:455  _al_d3d_sync_bitmap              [   4.31760] _al_d3d_sync_bitmap (system) ref count == 1
d3d      D          d3d_bmp.cpp:460  _al_d3d_sync_bitmap              [   4.31766] _al_d3d_sync_bitmap (video) ref count == 2
font     D                ttf.c:216  alloc_glyph_region               [   4.31794] glyph 13x17 (16x20)
d3d      D          d3d_bmp.cpp:455  _al_d3d_sync_bitmap              [   4.32024] _al_d3d_sync_bitmap (system) ref count == 1
d3d      D          d3d_bmp.cpp:460  _al_d3d_sync_bitmap              [   4.32030] _al_d3d_sync_bitmap (video) ref count == 2
font     D                ttf.c:216  alloc_glyph_region               [   4.32061] glyph 13x17 (16x20)
d3d      D          d3d_bmp.cpp:455  _al_d3d_sync_bitmap              [   4.32289] _al_d3d_sync_bitmap (system) ref count == 1
d3d      D          d3d_bmp.cpp:460  _al_d3d_sync_bitmap              [   4.32295] _al_d3d_sync_bitmap (video) ref count == 2
font     D                ttf.c:216  alloc_glyph_region               [   4.32325] glyph 13x17 (16x20)
d3d      D          d3d_bmp.cpp:455  _al_d3d_sync_bitmap              [   4.32555] _al_d3d_sync_bitmap (system) ref count == 1
d3d      D          d3d_bmp.cpp:460  _al_d3d_sync_bitmap              [   4.32564] _al_d3d_sync_bitmap (video) ref count == 2
font     D                ttf.c:216  alloc_glyph_region               [   4.32597] glyph 13x17 (16x20)
d3d      D          d3d_bmp.cpp:455  _al_d3d_sync_bitmap              [   4.32836] _al_d3d_sync_bitmap (system) ref count == 1
d3d      D          d3d_bmp.cpp:460  _al_d3d_sync_bitmap              [   4.32844] _al_d3d_sync_bitmap (video) ref count == 2
font     D                ttf.c:216  alloc_glyph_region               [   4.32873] glyph 11x13 (12x16)
d3d      D          d3d_bmp.cpp:455  _al_d3d_sync_bitmap              [   4.33102] _al_d3d_sync_bitmap (system) ref count == 1
d3d      D          d3d_bmp.cpp:460  _al_d3d_sync_bitmap              [   4.33108] _al_d3d_sync_bitmap (video) ref count == 2
font     D                ttf.c:216  alloc_glyph_region               [   4.33134] glyph 13x13 (16x16)
d3d      D          d3d_bmp.cpp:455  _al_d3d_sync_bitmap              [   4.33363] _al_d3d_sync_bitmap (system) ref count == 1
d3d      D          d3d_bmp.cpp:460  _al_d3d_sync_bitmap              [   4.33369] _al_d3d_sync_bitmap (video) ref count == 2
font     D                ttf.c:216  alloc_glyph_region               [   4.33394] glyph 7x17 (8x20)
d3d      D          d3d_bmp.cpp:455  _al_d3d_sync_bitmap              [   4.33620] _al_d3d_sync_bitmap (system) ref count == 1
d3d      D          d3d_bmp.cpp:460  _al_d3d_sync_bitmap              [   4.33626] _al_d3d_sync_bitmap (video) ref count == 2
font     D                ttf.c:216  alloc_glyph_region               [   4.33654] glyph 9x17 (12x20)
d3d      D          d3d_bmp.cpp:455  _al_d3d_sync_bitmap              [   4.33884] _al_d3d_sync_bitmap (system) ref count == 1
d3d      D          d3d_bmp.cpp:460  _al_d3d_sync_bitmap              [   4.33891] _al_d3d_sync_bitmap (video) ref count == 2
font     D                ttf.c:216  alloc_glyph_region               [   4.33919] glyph 13x15 (16x16)
d3d      D          d3d_bmp.cpp:455  _al_d3d_sync_bitmap              [   4.34158] _al_d3d_sync_bitmap (system) ref count == 1
d3d      D          d3d_bmp.cpp:460  _al_d3d_sync_bitmap              [   4.34165] _al_d3d_sync_bitmap (video) ref count == 2
font     D                ttf.c:216  alloc_glyph_region               [   4.34199] glyph 13x13 (16x16)
d3d      D          d3d_bmp.cpp:455  _al_d3d_sync_bitmap              [   4.34436] _al_d3d_sync_bitmap (system) ref count == 1
d3d      D          d3d_bmp.cpp:460  _al_d3d_sync_bitmap              [   4.34442] _al_d3d_sync_bitmap (video) ref count == 2
font     D                ttf.c:216  alloc_glyph_region               [   4.34467] glyph 7x17 (8x20)
d3d      D          d3d_bmp.cpp:455  _al_d3d_sync_bitmap              [   4.34694] _al_d3d_sync_bitmap (system) ref count == 1
d3d      D          d3d_bmp.cpp:460  _al_d3d_sync_bitmap              [   4.34701] _al_d3d_sync_bitmap (video) ref count == 2
d3d      D          d3d_bmp.cpp:455  _al_d3d_sync_bitmap              [   4.36041] _al_d3d_sync_bitmap (system) ref count == 1
d3d      D          d3d_bmp.cpp:460  _al_d3d_sync_bitmap              [   4.36050] _al_d3d_sync_bitmap (video) ref count == 1
d3d      D          d3d_bmp.cpp:455  _al_d3d_sync_bitmap              [   4.36094] _al_d3d_sync_bitmap (system) ref count == 1
d3d      D          d3d_bmp.cpp:460  _al_d3d_sync_bitmap              [   4.36101] _al_d3d_sync_bitmap (video) ref count == 1
d3d      D          d3d_bmp.cpp:455  _al_d3d_sync_bitmap              [   4.36141] _al_d3d_sync_bitmap (system) ref count == 1
d3d      D          d3d_bmp.cpp:460  _al_d3d_sync_bitmap              [   4.36148] _al_d3d_sync_bitmap (video) ref count == 1
d3d      D          d3d_bmp.cpp:455  _al_d3d_sync_bitmap              [   4.36190] _al_d3d_sync_bitmap (system) ref count == 1
d3d      D          d3d_bmp.cpp:460  _al_d3d_sync_bitmap              [   4.36197] _al_d3d_sync_bitmap (video) ref count == 1
d3d      D          d3d_bmp.cpp:455  _al_d3d_sync_bitmap              [   4.36238] _al_d3d_sync_bitmap (system) ref count == 1
d3d      D          d3d_bmp.cpp:460  _al_d3d_sync_bitmap              [   4.36244] _al_d3d_sync_bitmap (video) ref count == 1
d3d      D          d3d_bmp.cpp:455  _al_d3d_sync_bitmap              [   4.36286] _al_d3d_sync_bitmap (system) ref count == 1
d3d      D          d3d_bmp.cpp:460  _al_d3d_sync_bitmap              [   4.36292] _al_d3d_sync_bitmap (video) ref count == 1
d3d      D          d3d_bmp.cpp:455  _al_d3d_sync_bitmap              [   4.36334] _al_d3d_sync_bitmap (system) ref count == 1
d3d      D          d3d_bmp.cpp:460  _al_d3d_sync_bitmap              [   4.36341] _al_d3d_sync_bitmap (video) ref count == 1
d3d      D          d3d_bmp.cpp:455  _al_d3d_sync_bitmap              [   4.36447] _al_d3d_sync_bitmap (system) ref count == 1
d3d      D          d3d_bmp.cpp:460  _al_d3d_sync_bitmap              [   4.36452] _al_d3d_sync_bitmap (video) ref count == 1
d3d      D          d3d_bmp.cpp:455  _al_d3d_sync_bitmap              [   4.36488] _al_d3d_sync_bitmap (system) ref count == 1
d3d      D          d3d_bmp.cpp:460  _al_d3d_sync_bitmap              [   4.36494] _al_d3d_sync_bitmap (video) ref count == 1
d3d      D          d3d_bmp.cpp:455  _al_d3d_sync_bitmap              [   4.36525] _al_d3d_sync_bitmap (system) ref count == 1
d3d      D          d3d_bmp.cpp:460  _al_d3d_sync_bitmap              [   4.36532] _al_d3d_sync_bitmap (video) ref count == 1
d3d      D          d3d_bmp.cpp:455  _al_d3d_sync_bitmap              [   4.36572] _al_d3d_sync_bitmap (system) ref count == 1
d3d      D          d3d_bmp.cpp:460  _al_d3d_sync_bitmap              [   4.36578] _al_d3d_sync_bitmap (video) ref count == 1
d3d      D          d3d_bmp.cpp:455  _al_d3d_sync_bitmap              [   4.36611] _al_d3d_sync_bitmap (system) ref count == 1
d3d      D          d3d_bmp.cpp:460  _al_d3d_sync_bitmap              [   4.36617] _al_d3d_sync_bitmap (video) ref count == 1
d3d      D          d3d_bmp.cpp:455  _al_d3d_sync_bitmap              [   4.36649] _al_d3d_sync_bitmap (system) ref count == 1
d3d      D          d3d_bmp.cpp:460  _al_d3d_sync_bitmap              [   4.36655] _al_d3d_sync_bitmap (video) ref count == 1
d3d      D          d3d_bmp.cpp:455  _al_d3d_sync_bitmap              [   4.36688] _al_d3d_sync_bitmap (system) ref count == 1
d3d      D          d3d_bmp.cpp:460  _al_d3d_sync_bitmap              [   4.36694] _al_d3d_sync_bitmap (video) ref count == 1
d3d      D          d3d_bmp.cpp:455  _al_d3d_sync_bitmap              [   4.36726] _al_d3d_sync_bitmap (system) ref count == 1
d3d      D          d3d_bmp.cpp:460  _al_d3d_sync_bitmap              [   4.36733] _al_d3d_sync_bitmap (video) ref count == 1
d3d      D          d3d_bmp.cpp:455  _al_d3d_sync_bitmap              [   4.37694] _al_d3d_sync_bitmap (system) ref count == 1
d3d      D          d3d_bmp.cpp:460  _al_d3d_sync_bitmap              [   4.37704] _al_d3d_sync_bitmap (video) ref count == 2
d3d      D          d3d_bmp.cpp:455  _al_d3d_sync_bitmap              [   4.38753] _al_d3d_sync_bitmap (system) ref count == 1
d3d      D          d3d_bmp.cpp:460  _al_d3d_sync_bitmap              [   4.38767] _al_d3d_sync_bitmap (video) ref count == 1
d3d      D          d3d_bmp.cpp:455  _al_d3d_sync_bitmap              [   4.39214] _al_d3d_sync_bitmap (system) ref count == 1
d3d      D          d3d_bmp.cpp:460  _al_d3d_sync_bitmap              [   4.39225] _al_d3d_sync_bitmap (video) ref count == 2
font     D                ttf.c:216  alloc_glyph_region               [   5.24947] glyph 13x17 (16x20)
d3d      D          d3d_bmp.cpp:455  _al_d3d_sync_bitmap              [   5.25699] _al_d3d_sync_bitmap (system) ref count == 1
d3d      D          d3d_bmp.cpp:460  _al_d3d_sync_bitmap              [   5.25705] _al_d3d_sync_bitmap (video) ref count == 2
d3d      D          d3d_bmp.cpp:455  _al_d3d_sync_bitmap              [   5.26126] _al_d3d_sync_bitmap (system) ref count == 1
d3d      D          d3d_bmp.cpp:460  _al_d3d_sync_bitmap              [   5.26132] _al_d3d_sync_bitmap (video) ref count == 2
font     D                ttf.c:216  alloc_glyph_region               [   5.73280] glyph 13x17 (16x20)
d3d      D          d3d_bmp.cpp:455  _al_d3d_sync_bitmap              [   5.74037] _al_d3d_sync_bitmap (system) ref count == 1
d3d      D          d3d_bmp.cpp:460  _al_d3d_sync_bitmap              [   5.74044] _al_d3d_sync_bitmap (video) ref count == 2
d3d      D          d3d_bmp.cpp:455  _al_d3d_sync_bitmap              [   5.74469] _al_d3d_sync_bitmap (system) ref count == 1
d3d      D          d3d_bmp.cpp:460  _al_d3d_sync_bitmap              [   5.74475] _al_d3d_sync_bitmap (video) ref count == 2
audio    D          kcm_mixer.c:121  _al_rechannel_matrix             [   6.07392] sample matrix:
audio    D          kcm_mixer.c:127  _al_rechannel_matrix             [   6.07399]  0.707107 0.000000
audio    D          kcm_mixer.c:127  _al_rechannel_matrix             [   6.07403]  0.000000 0.707107
font     D                ttf.c:216  alloc_glyph_region               [   6.08310] glyph 11x5 (12x8)
d3d      D          d3d_bmp.cpp:455  _al_d3d_sync_bitmap              [   6.09058] _al_d3d_sync_bitmap (system) ref count == 1
d3d      D          d3d_bmp.cpp:460  _al_d3d_sync_bitmap              [   6.09065] _al_d3d_sync_bitmap (video) ref count == 2
d3d      D          d3d_bmp.cpp:455  _al_d3d_sync_bitmap              [   6.09475] _al_d3d_sync_bitmap (system) ref count == 1
d3d      D          d3d_bmp.cpp:460  _al_d3d_sync_bitmap              [   6.09481] _al_d3d_sync_bitmap (video) ref count == 2
audio    D          kcm_mixer.c:121  _al_rechannel_matrix             [   6.36248] sample matrix:
audio    D          kcm_mixer.c:127  _al_rechannel_matrix             [   6.36255]  0.500000
audio    D          kcm_mixer.c:127  _al_rechannel_matrix             [   6.36259]  0.500000
d3d      D          d3d_bmp.cpp:455  _al_d3d_sync_bitmap              [   8.72113] _al_d3d_sync_bitmap (system) ref count == 1
d3d      D          d3d_bmp.cpp:460  _al_d3d_sync_bitmap              [   8.72121] _al_d3d_sync_bitmap (video) ref count == 2
d3d      D          d3d_bmp.cpp:455  _al_d3d_sync_bitmap              [   9.97523] _al_d3d_sync_bitmap (system) ref count == 1
d3d      D          d3d_bmp.cpp:460  _al_d3d_sync_bitmap              [   9.97530] _al_d3d_sync_bitmap (video) ref count == 2
audio    D          kcm_mixer.c:121  _al_rechannel_matrix             [  10.75725] sample matrix:
audio    D          kcm_mixer.c:127  _al_rechannel_matrix             [  10.75733]  0.707107 0.000000
audio    D          kcm_mixer.c:127  _al_rechannel_matrix             [  10.75736]  0.000000 0.707107
d3d      D          d3d_bmp.cpp:455  _al_d3d_sync_bitmap              [  50.64750] _al_d3d_sync_bitmap (system) ref count == 1
d3d      D          d3d_bmp.cpp:460  _al_d3d_sync_bitmap              [  50.64759] _al_d3d_sync_bitmap (video) ref count == 2
d3d      D          d3d_bmp.cpp:455  _al_d3d_sync_bitmap              [  57.67138] _al_d3d_sync_bitmap (system) ref count == 1
d3d      D          d3d_bmp.cpp:460  _al_d3d_sync_bitmap              [  57.67150] _al_d3d_sync_bitmap (video) ref count == 2
audio    D          kcm_mixer.c:121  _al_rechannel_matrix             [  61.96106] sample matrix:
audio    D          kcm_mixer.c:127  _al_rechannel_matrix             [  61.96115]  0.500000
audio    D          kcm_mixer.c:127  _al_rechannel_matrix             [  61.96118]  0.500000
