Build started 2-4-2013 16:35:19.
     1>Project "d:\dhr. max oomen\documents\visual studio 2010\Projects\Platformer 1\Platformer 1\Platformer 1.vcxproj" on node 2 (build target(s)).
     1>InitializeBuildStatus:
         Creating "Release\Platformer 1.unsuccessfulbuild" because "AlwaysCreate" was specified.
       ClCompile:
         C:\Program Files (x86)\Microsoft Visual Studio 10.0\VC\bin\CL.exe /c /Ic:\allegro\MVSC\include /Zi /nologo /W3 /WX- /O2 /Oi /Oy- /GL /D _MBCS /Gm- /EHsc /MD /GS /Gy /fp:precise /Zc:wchar_t /Zc:forScope /Fo"Release\\" /Fd"Release\vc100.pdb" /Gd /TP /analyze- /errorReport:prompt GameObject.cpp obj_saw_bar.cpp
         GameObject.cpp
         obj_saw_bar.cpp
       Link:
         C:\Program Files (x86)\Microsoft Visual Studio 10.0\VC\bin\link.exe /ERRORREPORT:PROMPT /OUT:"d:\dhr. max oomen\documents\visual studio 2010\Projects\Platformer 1\Release\Platformer 1.exe" /NOLOGO /LIBPATH:C:\allegro\MVSC\lib "allegro-5.0.7-monolith-md.lib" kernel32.lib user32.lib gdi32.lib winspool.lib comdlg32.lib advapi32.lib shell32.lib ole32.lib oleaut32.lib uuid.lib odbc32.lib odbccp32.lib /MANIFEST /ManifestFile:"Release\Platformer 1.exe.intermediate.manifest" /MANIFESTUAC:"level='asInvoker' uiAccess='false'" /DEBUG /PDB:"d:\dhr. max oomen\documents\visual studio 2010\Projects\Platformer 1\Release\Platformer 1.pdb" /SUBSYSTEM:CONSOLE /OPT:REF /OPT:ICF /LTCG /TLBID:1 /DYNAMICBASE /NXCOMPAT /IMPLIB:"d:\dhr. max oomen\documents\visual studio 2010\Projects\Platformer 1\Release\Platformer 1.lib" /MACHINE:X86 Release\BaseSprite.obj
         Release\Blood.obj
         Release\Bullet.obj
         Release\DynamicObject.obj
         Release\FileManager.obj
         Release\FontManager.obj
         Release\GameObject.obj
         Release\globals.obj
         Release\imageManager.obj
         Release\main.obj
         Release\obj_Double_Spike_Down.obj
         Release\obj_Double_Spike_Up.obj
         Release\obj_Saw.obj
         Release\obj_saw_bar.obj
         Release\obj_Saw_Small.obj
         Release\obj_Trigger_Double_Spike.obj
         Release\Particle.obj
         Release\Player.obj
         Release\Save.obj
         Release\SoundManager.obj
         Release\Spike.obj
         Release\Spike_Down.obj
         Release\Spike_Left.obj
         Release\Spike_Right.obj
         Release\Spike_Up.obj
         Release\spr_Player.obj
         Release\StaticObject.obj
         Release\Wall.obj
         Release\Wall_Fade.obj
         Release\Wall_Fake.obj
         Generating code
         Finished generating code
         Platformer 1.vcxproj -> d:\dhr. max oomen\documents\visual studio 2010\Projects\Platformer 1\Release\Platformer 1.exe
       Manifest:
         C:\Program Files (x86)\Microsoft SDKs\Windows\v7.0A\bin\mt.exe /nologo /verbose /outputresource:"d:\dhr. max oomen\documents\visual studio 2010\Projects\Platformer 1\Release\Platformer 1.exe;#1" /manifest "Release\Platformer 1.exe.intermediate.manifest"
       FinalizeBuildStatus:
         Deleting file "Release\Platformer 1.unsuccessfulbuild".
         Touching "Release\Platformer 1.lastbuildstate".
     1>Done Building Project "d:\dhr. max oomen\documents\visual studio 2010\Projects\Platformer 1\Platformer 1\Platformer 1.vcxproj" (build target(s)).

Build succeeded.

Time Elapsed 00:00:03.52
