Build started 19-4-2013 18:49:46.
     1>Project "C:\Users\Nancy\Documents\GitHub\platformer_1\Platformer 1\Platformer 1.vcxproj" on node 2 (build target(s)).
     1>InitializeBuildStatus:
         Creating "Debug\Platformer 1.unsuccessfulbuild" because "AlwaysCreate" was specified.
       ClCompile:
         c:\Program Files\Microsoft Visual Studio 10.0\VC\bin\CL.exe /c /IC:\allegro\MVSC\include /ZI /nologo /W3 /WX- /Od /Oy- /D _MBCS /Gm /EHsc /RTC1 /MDd /GS /fp:precise /Zc:wchar_t /Zc:forScope /Fo"Debug\\" /Fd"Debug\vc100.pdb" /Gd /TP /analyze- /errorReport:prompt BaseSprite.cpp Blood.cpp Blood_Head.cpp Blood_Torso.cpp Bullet.cpp DisplayManager.cpp DynamicObject.cpp FileManager.cpp FontManager.cpp GameObject.cpp globals.cpp imageManager.cpp main.cpp obj_Double_Spike_Down.cpp obj_Double_Spike_Up.cpp obj_Platform_Horizontal.cpp obj_Platform_Vertical.cpp obj_Saw.cpp obj_saw_bar.cpp obj_Saw_Small.cpp obj_Trigger_Double_Spike.cpp Particle.cpp Player.cpp Save.cpp SoundManager.cpp Spike.cpp Spike_Down.cpp Spike_Left.cpp Spike_Right.cpp Spike_Up.cpp spr_Player.cpp StaticObject.cpp Wall.cpp Wall_Fade.cpp Wall_Fake.cpp
         Wall_Fake.cpp
         Wall_Fade.cpp
         Wall.cpp
         StaticObject.cpp
         spr_Player.cpp
         Spike_Up.cpp
         Spike_Right.cpp
         Spike_Left.cpp
         Spike_Down.cpp
         Spike.cpp
         SoundManager.cpp
         Save.cpp
         Player.cpp
         Particle.cpp
         obj_Trigger_Double_Spike.cpp
         obj_Saw_Small.cpp
         obj_saw_bar.cpp
         obj_Saw.cpp
         obj_Platform_Vertical.cpp
         obj_Platform_Horizontal.cpp
         Generating Code...
         Compiling...
         obj_Double_Spike_Up.cpp
         obj_Double_Spike_Down.cpp
         main.cpp
         imageManager.cpp
         globals.cpp
         GameObject.cpp
         FontManager.cpp
         FileManager.cpp
         DynamicObject.cpp
         DisplayManager.cpp
         Bullet.cpp
         Blood_Torso.cpp
         Blood_Head.cpp
         Blood.cpp
         BaseSprite.cpp
         Generating Code...
       Link:
         c:\Program Files\Microsoft Visual Studio 10.0\VC\bin\link.exe /ERRORREPORT:PROMPT /OUT:"C:\Users\Nancy\Documents\GitHub\platformer_1\Debug\Platformer 1.exe" /NOLOGO /LIBPATH:C:\allegro\MVSC\lib "allegro-5.0.8-monolith-md-debug.lib" kernel32.lib user32.lib gdi32.lib winspool.lib comdlg32.lib advapi32.lib shell32.lib ole32.lib oleaut32.lib uuid.lib odbc32.lib odbccp32.lib /MANIFEST /ManifestFile:"Debug\Platformer 1.exe.intermediate.manifest" /MANIFESTUAC:"level='asInvoker' uiAccess='false'" /DEBUG /PDB:"C:\Users\Nancy\Documents\GitHub\platformer_1\Debug\Platformer 1.pdb" /TLBID:1 /DYNAMICBASE /NXCOMPAT /IMPLIB:"C:\Users\Nancy\Documents\GitHub\platformer_1\Debug\Platformer 1.lib" /MACHINE:X86 Debug\BaseSprite.obj
         Debug\Blood.obj
         Debug\Blood_Head.obj
         Debug\Blood_Torso.obj
         Debug\Bullet.obj
         Debug\DisplayManager.obj
         Debug\DynamicObject.obj
         Debug\FileManager.obj
         Debug\FontManager.obj
         Debug\GameObject.obj
         Debug\globals.obj
         Debug\imageManager.obj
         Debug\main.obj
         Debug\obj_Double_Spike_Down.obj
         Debug\obj_Double_Spike_Up.obj
         Debug\obj_Platform_Horizontal.obj
         Debug\obj_Platform_Vertical.obj
         Debug\obj_Saw.obj
         Debug\obj_saw_bar.obj
         Debug\obj_Saw_Small.obj
         Debug\obj_Trigger_Double_Spike.obj
         Debug\Particle.obj
         Debug\Player.obj
         Debug\Save.obj
         Debug\SoundManager.obj
         Debug\Spike.obj
         Debug\Spike_Down.obj
         Debug\Spike_Left.obj
         Debug\Spike_Right.obj
         Debug\Spike_Up.obj
         Debug\spr_Player.obj
         Debug\StaticObject.obj
         Debug\Wall.obj
         Debug\Wall_Fade.obj
         Debug\Wall_Fake.obj
         LINK : C:\Users\Nancy\Documents\GitHub\platformer_1\Debug\Platformer 1.exe not found or not built by the last incremental link; performing full link
         Platformer 1.vcxproj -> C:\Users\Nancy\Documents\GitHub\platformer_1\Debug\Platformer 1.exe
       Manifest:
         C:\Program Files\Microsoft SDKs\Windows\v7.0A\bin\mt.exe /nologo /verbose /outputresource:"C:\Users\Nancy\Documents\GitHub\platformer_1\Debug\Platformer 1.exe;#1" /manifest "Debug\Platformer 1.exe.intermediate.manifest"
       FinalizeBuildStatus:
         Deleting file "Debug\Platformer 1.unsuccessfulbuild".
         Touching "Debug\Platformer 1.lastbuildstate".
     1>Done Building Project "C:\Users\Nancy\Documents\GitHub\platformer_1\Platformer 1\Platformer 1.vcxproj" (build target(s)).

Build succeeded.

Time Elapsed 00:00:44.64
